Iniciando conexão
Recebi o Pacote: 4033 como inicial
Recebi o Pacote: 4034 em ordem
Recebi o Pacote: 4035 em ordem
Recebi o Pacote: 4036 em ordem
Recebi o Pacote: 4037 em ordem
Recebi o Pacote: 4046 fora de ordem,espera 4038
Recebi o Pacote: 4047 fora de ordem,espera 4038
Recebi o Pacote: 4048 fora de ordem,espera 4038
Declarei o Pacote 4038 como perdido
Declarei o Pacote 4039 como perdido
Declarei o Pacote 4040 como perdido
Declarei o Pacote 4041 como perdido
Declarei o Pacote 4042 como perdido
Declarei o Pacote 4043 como perdido
Declarei o Pacote 4044 como perdido
Declarei o Pacote 4045 como perdido
Recebi o Pacote: 4049 em ordem
Recebi o Pacote: 4050 em ordem
Recebi o Pacote: 4051 em ordem
Recebi o Pacote: 4052 em ordem
Recebi o Pacote: 4053 em ordem
Recebi o Pacote: 4054 em ordem
Recebi o Pacote: 4055 em ordem
Recebi o Pacote: 4056 em ordem
Recebi o Pacote: 4057 em ordem
Recebi o Pacote: 4058 em ordem
Recebi o Pacote: 4059 em ordem
Recebi o Pacote: 4060 em ordem
Recebi o Pacote: 4061 em ordem
Recebi o Pacote: 4062 em ordem
Recebi o Pacote: 4063 em ordem
Recebi o Pacote: 4064 em ordem
Recebi o Pacote: 4065 em ordem
Recebi o Pacote: 4066 em ordem
Recebi o Pacote: 4067 em ordem
Recebi o Pacote: 4068 em ordem
Recebi o Pacote: 4069 em ordem
Recebi o Pacote: 4070 em ordem
Recebi o Pacote: 4071 em ordem
Recebi o Pacote: 4072 em ordem
Recebi o Pacote: 4073 em ordem
Recebi o Pacote: 4074 em ordem
Recebi o Pacote: 4075 em ordem
Recebi o Pacote: 4076 em ordem
Recebi o Pacote: 4077 em ordem
Recebi o Pacote: 4078 em ordem
Recebi o Pacote: 4079 em ordem
Recebi o Pacote: 4080 em ordem
Recebi o Pacote: 4081 em ordem
Recebi o Pacote: 4082 em ordem
Recebi o Pacote: 4083 em ordem
Recebi o Pacote: 4084 em ordem
Recebi o Pacote: 4085 em ordem
Recebi o Pacote: 4086 em ordem
Recebi o Pacote: 4087 em ordem
Recebi o Pacote: 4088 em ordem
Recebi o Pacote: 4089 em ordem
Recebi o Pacote: 4090 em ordem
Recebi o Pacote: 4091 em ordem
Recebi o Pacote: 4092 em ordem
Recebi o Pacote: 4093 em ordem
Recebi o Pacote: 4094 em ordem
Recebi o Pacote: 4095 em ordem
Recebi o Pacote: 4096 em ordem
Recebi o Pacote: 4097 em ordem
Recebi o Pacote: 4098 em ordem
Recebi o Pacote: 4099 em ordem
Recebi o Pacote: 4100 em ordem
Recebi o Pacote: 4101 em ordem
Recebi o Pacote: 4102 em ordem
Recebi o Pacote: 4103 em ordem
Recebi o Pacote: 4104 em ordem
Recebi o Pacote: 4105 em ordem
Recebi o Pacote: 4106 em ordem
Recebi o Pacote: 4107 em ordem
Recebi o Pacote: 4108 em ordem
Recebi o Pacote: 4109 em ordem
Recebi o Pacote: 4110 em ordem
Recebi o Pacote: 4111 em ordem
Recebi o Pacote: 4112 em ordem
Recebi o Pacote: 4113 em ordem
Recebi o Pacote: 4114 em ordem
Recebi o Pacote: 4115 em ordem
Recebi o Pacote: 4116 em ordem
Recebi o Pacote: 4117 em ordem
Recebi o Pacote: 4118 em ordem
Recebi o Pacote: 4119 em ordem
Recebi o Pacote: 4120 em ordem
Recebi o Pacote: 4121 em ordem
Recebi o Pacote: 4122 em ordem
Recebi o Pacote: 4123 em ordem
Recebi o Pacote: 4124 em ordem
Recebi o Pacote: 4125 em ordem
Recebi o Pacote: 4126 em ordem
Recebi o Pacote: 4127 em ordem
Recebi o Pacote: 4128 em ordem
Recebi o Pacote: 4129 em ordem
Recebi o Pacote: 4130 em ordem
Recebi o Pacote: 4131 em ordem
Recebi o Pacote: 4132 em ordem
Recebi o Pacote: 4133 em ordem
Recebi o Pacote: 4134 em ordem
Recebi o Pacote: 4135 em ordem
Recebi o Pacote: 4136 em ordem
Recebi o Pacote: 4137 em ordem
Recebi o Pacote: 4138 em ordem
Recebi o Pacote: 4139 em ordem
Recebi o Pacote: 4140 em ordem
Recebi o Pacote: 4141 em ordem
Recebi o Pacote: 4142 em ordem
Recebi o Pacote: 4143 em ordem
Recebi o Pacote: 4144 em ordem
Recebi o Pacote: 4145 em ordem
Recebi o Pacote: 4146 em ordem
Recebi o Pacote: 4147 em ordem
Recebi o Pacote: 4148 em ordem
Recebi o Pacote: 4149 em ordem
Recebi o Pacote: 4150 em ordem
Recebi o Pacote: 4151 em ordem
Recebi o Pacote: 4152 em ordem
Recebi o Pacote: 4153 em ordem
Recebi o Pacote: 4154 em ordem
Recebi o Pacote: 4155 em ordem
Recebi o Pacote: 4156 em ordem
Recebi o Pacote: 4157 em ordem
Recebi o Pacote: 4158 em ordem
Recebi o Pacote: 4159 em ordem
Recebi o Pacote: 4160 em ordem
Recebi o Pacote: 4161 em ordem
Recebi o Pacote: 4162 em ordem
Recebi o Pacote: 4163 em ordem
Recebi o Pacote: 4164 em ordem
Recebi o Pacote: 4165 em ordem
Recebi o Pacote: 4166 em ordem
Recebi o Pacote: 4167 em ordem
Recebi o Pacote: 4168 em ordem
Recebi o Pacote: 4169 em ordem
Recebi o Pacote: 4170 em ordem
Recebi o Pacote: 4171 em ordem
Recebi o Pacote: 4172 em ordem
Recebi o Pacote: 4173 em ordem
Recebi o Pacote: 4174 em ordem
Recebi o Pacote: 4175 em ordem
Recebi o Pacote: 4176 em ordem
Recebi o Pacote: 4177 em ordem
Recebi o Pacote: 4178 em ordem
Recebi o Pacote: 4179 em ordem
Recebi o Pacote: 4180 em ordem
Recebi o Pacote: 4181 em ordem
Recebi o Pacote: 4182 em ordem
Recebi o Pacote: 4183 em ordem
Recebi o Pacote: 4184 em ordem
Recebi o Pacote: 4185 em ordem
Recebi o Pacote: 4186 em ordem
Recebi o Pacote: 4187 em ordem
Recebi o Pacote: 4188 em ordem
Recebi o Pacote: 4189 em ordem
Recebi o Pacote: 4190 em ordem
Recebi o Pacote: 4191 em ordem
Recebi o Pacote: 4192 em ordem
Recebi o Pacote: 4193 em ordem
Recebi o Pacote: 4194 em ordem
Recebi o Pacote: 4195 em ordem
Recebi o Pacote: 4196 em ordem
Recebi o Pacote: 4197 em ordem
Recebi o Pacote: 4198 em ordem
Recebi o Pacote: 4199 em ordem
Recebi o Pacote: 4200 em ordem
Recebi o Pacote: 4201 em ordem
Recebi o Pacote: 4202 em ordem
Recebi o Pacote: 4203 em ordem
Recebi o Pacote: 4204 em ordem
Recebi o Pacote: 4205 em ordem
Recebi o Pacote: 4206 em ordem
Recebi o Pacote: 4207 em ordem
Recebi o Pacote: 4208 em ordem
Recebi o Pacote: 4209 em ordem
Recebi o Pacote: 4210 em ordem
Recebi o Pacote: 4211 em ordem
Recebi o Pacote: 4212 em ordem
Recebi o Pacote: 4213 em ordem
Recebi o Pacote: 4214 em ordem
Recebi o Pacote: 4215 em ordem
Recebi o Pacote: 4216 em ordem
Recebi o Pacote: 4217 em ordem
Recebi o Pacote: 4218 em ordem
Recebi o Pacote: 4219 em ordem
Recebi o Pacote: 4220 em ordem
Recebi o Pacote: 4221 em ordem
Recebi o Pacote: 4222 em ordem
Recebi o Pacote: 4223 em ordem
Recebi o Pacote: 4224 em ordem
Recebi o Pacote: 4225 em ordem
Recebi o Pacote: 4226 em ordem
Recebi o Pacote: 4227 em ordem
Recebi o Pacote: 4228 em ordem
Recebi o Pacote: 4229 em ordem
Recebi o Pacote: 4230 em ordem
Recebi o Pacote: 4231 em ordem
Recebi o Pacote: 4232 em ordem
Recebi o Pacote: 4233 em ordem
Recebi o Pacote: 4234 em ordem
Recebi o Pacote: 4235 em ordem
Recebi o Pacote: 4236 em ordem
Recebi o Pacote: 4237 em ordem
Recebi o Pacote: 4238 em ordem
Recebi o Pacote: 4239 em ordem
Recebi o Pacote: 4240 em ordem
Recebi o Pacote: 4241 em ordem
Recebi o Pacote: 4242 em ordem
Recebi o Pacote: 4243 em ordem
Recebi o Pacote: 4244 em ordem
Recebi o Pacote: 4245 em ordem
Recebi o Pacote: 4246 em ordem
Recebi o Pacote: 4247 em ordem
Recebi o Pacote: 4248 em ordem
Recebi o Pacote: 4249 em ordem
Recebi o Pacote: 4250 em ordem
Recebi o Pacote: 4251 em ordem
Recebi o Pacote: 4252 em ordem
Recebi o Pacote: 4253 em ordem
Recebi o Pacote: 4254 em ordem
Recebi o Pacote: 4255 em ordem
Recebi o Pacote: 4256 em ordem
Recebi o Pacote: 4257 em ordem
Recebi o Pacote: 4258 em ordem
Recebi o Pacote: 4259 em ordem
Recebi o Pacote: 4260 em ordem
Recebi o Pacote: 4261 em ordem
Recebi o Pacote: 4262 em ordem
Recebi o Pacote: 4263 em ordem
Recebi o Pacote: 4264 em ordem
Recebi o Pacote: 4265 em ordem
Recebi o Pacote: 4266 em ordem
Recebi o Pacote: 4267 em ordem
Recebi o Pacote: 4268 em ordem
Recebi o Pacote: 4269 em ordem
Recebi o Pacote: 4270 em ordem
Recebi o Pacote: 4271 em ordem
Recebi o Pacote: 4272 em ordem
Recebi o Pacote: 4273 em ordem
Recebi o Pacote: 4274 em ordem
Recebi o Pacote: 4275 em ordem
Recebi o Pacote: 4276 em ordem
Recebi o Pacote: 4277 em ordem
Recebi o Pacote: 4278 em ordem
Recebi o Pacote: 4279 em ordem
Recebi o Pacote: 4280 em ordem
Recebi o Pacote: 4281 em ordem
Recebi o Pacote: 4282 em ordem
Recebi o Pacote: 4283 em ordem
Recebi o Pacote: 4284 em ordem
Recebi o Pacote: 4285 em ordem
Recebi o Pacote: 4286 em ordem
Recebi o Pacote: 4287 em ordem
Recebi o Pacote: 4288 em ordem
Recebi o Pacote: 4289 em ordem
Recebi o Pacote: 4290 em ordem
Recebi o Pacote: 4291 em ordem
Recebi o Pacote: 4292 em ordem
Recebi o Pacote: 4293 em ordem
Recebi o Pacote: 4294 em ordem
Recebi o Pacote: 4295 em ordem
Recebi o Pacote: 4296 em ordem
Recebi o Pacote: 4297 em ordem
Recebi o Pacote: 4298 em ordem
Recebi o Pacote: 4299 em ordem
Recebi o Pacote: 4300 em ordem
Recebi o Pacote: 4301 em ordem
Recebi o Pacote: 4302 em ordem
Recebi o Pacote: 4303 em ordem
Recebi o Pacote: 4304 em ordem
Recebi o Pacote: 4305 em ordem
Recebi o Pacote: 4306 em ordem
Recebi o Pacote: 4307 em ordem
Recebi o Pacote: 4308 em ordem
Recebi o Pacote: 4309 em ordem
Recebi o Pacote: 4310 em ordem
Recebi o Pacote: 4311 em ordem
Recebi o Pacote: 4312 em ordem
Recebi o Pacote: 4313 em ordem
Recebi o Pacote: 4314 em ordem
Recebi o Pacote: 4315 em ordem
Recebi o Pacote: 4316 em ordem
Recebi o Pacote: 4317 em ordem
Recebi o Pacote: 4318 em ordem
Recebi o Pacote: 4319 em ordem
Recebi o Pacote: 4320 em ordem
Recebi o Pacote: 4321 em ordem
Recebi o Pacote: 4322 em ordem
Recebi o Pacote: 4323 em ordem
Recebi o Pacote: 4324 em ordem
Recebi o Pacote: 4325 em ordem
Recebi o Pacote: 4326 em ordem
Recebi o Pacote: 4327 em ordem
Recebi o Pacote: 4328 em ordem
Recebi o Pacote: 4329 em ordem
Recebi o Pacote: 4330 em ordem
Recebi o Pacote: 4331 em ordem
Recebi o Pacote: 4332 em ordem
Recebi o Pacote: 4333 em ordem
Recebi o Pacote: 4334 em ordem
Recebi o Pacote: 4335 em ordem
Recebi o Pacote: 4336 em ordem
Recebi o Pacote: 4337 em ordem
Recebi o Pacote: 4338 em ordem
Recebi o Pacote: 4339 em ordem
Recebi o Pacote: 4340 em ordem
Recebi o Pacote: 4341 em ordem
Recebi o Pacote: 4342 em ordem
Recebi o Pacote: 4343 em ordem
Recebi o Pacote: 4344 em ordem
Recebi o Pacote: 4345 em ordem
Recebi o Pacote: 4346 em ordem
Recebi o Pacote: 4347 em ordem
Recebi o Pacote: 4348 em ordem
Recebi o Pacote: 4349 em ordem
Recebi o Pacote: 4350 em ordem
Recebi o Pacote: 4351 em ordem
Recebi o Pacote: 4352 em ordem
Recebi o Pacote: 4353 em ordem
Recebi o Pacote: 4354 em ordem
Recebi o Pacote: 4355 em ordem
Recebi o Pacote: 4356 em ordem
Recebi o Pacote: 4357 em ordem
Recebi o Pacote: 4358 em ordem
Recebi o Pacote: 4359 em ordem
Recebi o Pacote: 4360 em ordem
Recebi o Pacote: 4361 em ordem
Recebi o Pacote: 4362 em ordem
Recebi o Pacote: 4363 em ordem
Recebi o Pacote: 4364 em ordem
Recebi o Pacote: 4365 em ordem
Recebi o Pacote: 4366 em ordem
Recebi o Pacote: 4367 em ordem
Recebi o Pacote: 4368 em ordem
Recebi o Pacote: 4369 em ordem
Recebi o Pacote: 4370 em ordem
Recebi o Pacote: 4371 em ordem
Recebi o Pacote: 4372 em ordem
Recebi o Pacote: 4373 em ordem
Recebi o Pacote: 4374 em ordem
Recebi o Pacote: 4375 em ordem
Recebi o Pacote: 4376 em ordem
Recebi o Pacote: 4377 em ordem
Recebi o Pacote: 4378 em ordem
Recebi o Pacote: 4379 em ordem
Recebi o Pacote: 4380 em ordem
Recebi o Pacote: 4381 em ordem
Recebi o Pacote: 4382 em ordem
Recebi o Pacote: 4383 em ordem
Recebi o Pacote: 4384 em ordem
Recebi o Pacote: 4385 em ordem
Recebi o Pacote: 4386 em ordem
Recebi o Pacote: 4387 em ordem
Recebi o Pacote: 4388 em ordem
Recebi o Pacote: 4389 em ordem
Recebi o Pacote: 4390 em ordem
Recebi o Pacote: 4391 em ordem
Recebi o Pacote: 4392 em ordem
Recebi o Pacote: 4393 em ordem
Recebi o Pacote: 4394 em ordem
Recebi o Pacote: 4395 em ordem
Recebi o Pacote: 4396 em ordem
Recebi o Pacote: 4397 em ordem
Recebi o Pacote: 4398 em ordem
Recebi o Pacote: 4399 em ordem
Recebi o Pacote: 4400 em ordem
Recebi o Pacote: 4401 em ordem
Recebi o Pacote: 4402 em ordem
Recebi o Pacote: 4403 em ordem
Recebi o Pacote: 4404 em ordem
Recebi o Pacote: 4405 em ordem
Recebi o Pacote: 4406 em ordem
Recebi o Pacote: 4407 em ordem
Recebi o Pacote: 4408 em ordem
Recebi o Pacote: 4409 em ordem
Recebi o Pacote: 4410 em ordem
Recebi o Pacote: 4411 em ordem
Recebi o Pacote: 4412 em ordem
Recebi o Pacote: 4413 em ordem
Recebi o Pacote: 4414 em ordem
Recebi o Pacote: 4415 em ordem
Recebi o Pacote: 4416 em ordem
Recebi o Pacote: 4417 em ordem
Recebi o Pacote: 4418 em ordem
Recebi o Pacote: 4419 em ordem
Recebi o Pacote: 4420 em ordem
Recebi o Pacote: 4421 em ordem
Recebi o Pacote: 4422 em ordem
Recebi o Pacote: 4423 em ordem
Recebi o Pacote: 4424 em ordem
Recebi o Pacote: 4425 em ordem
Recebi o Pacote: 4426 em ordem
Recebi o Pacote: 4427 em ordem
Recebi o Pacote: 4428 em ordem
Recebi o Pacote: 4429 em ordem
Recebi o Pacote: 4430 em ordem
Recebi o Pacote: 4431 em ordem
Recebi o Pacote: 4432 em ordem
Recebi o Pacote: 4433 em ordem
Recebi o Pacote: 4434 em ordem
Recebi o Pacote: 4435 em ordem
Recebi o Pacote: 4436 em ordem
Recebi o Pacote: 4437 em ordem
Recebi o Pacote: 4438 em ordem
Recebi o Pacote: 4439 em ordem
Recebi o Pacote: 4440 em ordem
Recebi o Pacote: 4441 em ordem
Recebi o Pacote: 4442 em ordem
Recebi o Pacote: 4443 em ordem
Recebi o Pacote: 4444 em ordem
Recebi o Pacote: 4445 em ordem
Recebi o Pacote: 4446 em ordem
Recebi o Pacote: 4447 em ordem
Recebi o Pacote: 4448 em ordem
Recebi o Pacote: 4449 em ordem
Recebi o Pacote: 4450 em ordem
Recebi o Pacote: 4451 em ordem
Recebi o Pacote: 4452 em ordem
Recebi o Pacote: 4453 em ordem
Recebi o Pacote: 4454 em ordem
Recebi o Pacote: 4455 em ordem
Recebi o Pacote: 4456 em ordem
Recebi o Pacote: 4457 em ordem
Recebi o Pacote: 4458 em ordem
Recebi o Pacote: 4459 em ordem
Recebi o Pacote: 4460 em ordem
Recebi o Pacote: 4461 em ordem
Recebi o Pacote: 4462 em ordem
Recebi o Pacote: 4463 em ordem
Recebi o Pacote: 4464 em ordem
Recebi o Pacote: 4465 em ordem
Recebi o Pacote: 4466 em ordem
Recebi o Pacote: 4467 em ordem
Recebi o Pacote: 4468 em ordem
Recebi o Pacote: 4469 em ordem
Recebi o Pacote: 4470 em ordem
Recebi o Pacote: 4471 em ordem
Recebi o Pacote: 4472 em ordem
Recebi o Pacote: 4473 em ordem
Recebi o Pacote: 4474 em ordem
Recebi o Pacote: 4475 em ordem
Recebi o Pacote: 4476 em ordem
Recebi o Pacote: 4477 em ordem
Recebi o Pacote: 4478 em ordem
Recebi o Pacote: 4479 em ordem
Recebi o Pacote: 4480 em ordem
Recebi o Pacote: 4481 em ordem
Recebi o Pacote: 4482 em ordem
Recebi o Pacote: 4483 em ordem
Recebi o Pacote: 4484 em ordem
Recebi o Pacote: 4485 em ordem
Recebi o Pacote: 4486 em ordem
Recebi o Pacote: 4487 em ordem
Recebi o Pacote: 4488 em ordem
Recebi o Pacote: 4489 em ordem
Recebi o Pacote: 4490 em ordem
Recebi o Pacote: 4491 em ordem
Recebi o Pacote: 4492 em ordem
Recebi o Pacote: 4493 em ordem
Recebi o Pacote: 4494 em ordem
Recebi o Pacote: 4495 em ordem
Recebi o Pacote: 4496 em ordem
Recebi o Pacote: 4497 em ordem
Recebi o Pacote: 4498 em ordem
Recebi o Pacote: 4499 em ordem
Recebi o Pacote: 4500 em ordem
Recebi o Pacote: 4501 em ordem
Recebi o Pacote: 4502 em ordem
Recebi o Pacote: 4503 em ordem
Recebi o Pacote: 4504 em ordem
Recebi o Pacote: 4505 em ordem
Recebi o Pacote: 4506 em ordem
Recebi o Pacote: 4507 em ordem
Recebi o Pacote: 4508 em ordem
Recebi o Pacote: 4509 em ordem
Recebi o Pacote: 4510 em ordem
Recebi o Pacote: 4511 em ordem
Recebi o Pacote: 4512 em ordem
Recebi o Pacote: 4513 em ordem
Recebi o Pacote: 4514 em ordem
Recebi o Pacote: 4515 em ordem
Recebi o Pacote: 4516 em ordem
Recebi o Pacote: 4517 em ordem
Recebi o Pacote: 4518 em ordem
Recebi o Pacote: 4519 em ordem
Recebi o Pacote: 4520 em ordem
Recebi o Pacote: 4521 em ordem
Recebi o Pacote: 4522 em ordem
Recebi o Pacote: 4523 em ordem
Recebi o Pacote: 4524 em ordem
Recebi o Pacote: 4525 em ordem
Recebi o Pacote: 4526 em ordem
Recebi o Pacote: 4527 em ordem
Recebi o Pacote: 4528 em ordem
Recebi o Pacote: 4529 em ordem
Recebi o Pacote: 4530 em ordem
Recebi o Pacote: 4531 em ordem
Recebi o Pacote: 4532 em ordem
Recebi o Pacote: 4533 em ordem
Recebi o Pacote: 4534 em ordem
Recebi o Pacote: 4535 em ordem
Recebi o Pacote: 4536 em ordem
Recebi o Pacote: 4537 em ordem
Recebi o Pacote: 4538 em ordem
Recebi o Pacote: 4539 em ordem
Recebi o Pacote: 4540 em ordem
Recebi o Pacote: 4541 em ordem
Recebi o Pacote: 4542 em ordem
Recebi o Pacote: 4543 em ordem
Recebi o Pacote: 4544 em ordem
Recebi o Pacote: 4545 em ordem
Recebi o Pacote: 4546 em ordem
Recebi o Pacote: 4547 em ordem
Recebi o Pacote: 4548 em ordem
Recebi o Pacote: 4549 em ordem
Recebi o Pacote: 4550 em ordem
Recebi o Pacote: 4551 em ordem
Recebi o Pacote: 4552 em ordem
Recebi o Pacote: 4553 em ordem
Recebi o Pacote: 4554 em ordem
Recebi o Pacote: 4555 em ordem
Recebi o Pacote: 4556 em ordem
Recebi o Pacote: 4557 em ordem
Recebi o Pacote: 4558 em ordem
Recebi o Pacote: 4559 em ordem
Recebi o Pacote: 4560 em ordem
Recebi o Pacote: 4561 em ordem
Recebi o Pacote: 4562 em ordem
Recebi o Pacote: 4563 em ordem
Recebi o Pacote: 4564 em ordem
Recebi o Pacote: 4565 em ordem
Recebi o Pacote: 4566 em ordem
Recebi o Pacote: 4567 em ordem
Recebi o Pacote: 4568 em ordem
Recebi o Pacote: 4569 em ordem
Recebi o Pacote: 4570 em ordem
Recebi o Pacote: 4571 em ordem
Recebi o Pacote: 4572 em ordem
Recebi o Pacote: 4573 em ordem
Recebi o Pacote: 4574 em ordem
Recebi o Pacote: 4575 em ordem
Recebi o Pacote: 4576 em ordem
Recebi o Pacote: 4577 em ordem
Recebi o Pacote: 4578 em ordem
Recebi o Pacote: 4579 em ordem
Recebi o Pacote: 4580 em ordem
Recebi o Pacote: 4581 em ordem
Recebi o Pacote: 4582 em ordem
Recebi o Pacote: 4583 em ordem
Recebi o Pacote: 4584 em ordem
Recebi o Pacote: 4585 em ordem
Recebi o Pacote: 4586 em ordem
Recebi o Pacote: 4587 em ordem
Recebi o Pacote: 4588 em ordem
Recebi o Pacote: 4589 em ordem
Recebi o Pacote: 4590 em ordem
Recebi o Pacote: 4591 em ordem
Recebi o Pacote: 4592 em ordem
Recebi o Pacote: 4593 em ordem
Recebi o Pacote: 4594 em ordem
Recebi o Pacote: 4595 em ordem
Recebi o Pacote: 4596 em ordem
Recebi o Pacote: 4597 em ordem
Recebi o Pacote: 4598 em ordem
Recebi o Pacote: 4599 em ordem
Recebi o Pacote: 4600 em ordem
Recebi o Pacote: 4601 em ordem
Recebi o Pacote: 4602 em ordem
Recebi o Pacote: 4603 em ordem
Recebi o Pacote: 4604 em ordem
Recebi o Pacote: 4605 em ordem
Recebi o Pacote: 4606 em ordem
Recebi o Pacote: 4607 em ordem
Recebi o Pacote: 4608 em ordem
Recebi o Pacote: 4609 em ordem
Recebi o Pacote: 4610 em ordem
Recebi o Pacote: 4611 em ordem
Recebi o Pacote: 4612 em ordem
Recebi o Pacote: 4613 em ordem
Recebi o Pacote: 4614 em ordem
Recebi o Pacote: 4615 em ordem
Recebi o Pacote: 4616 em ordem
Recebi o Pacote: 4617 em ordem
Recebi o Pacote: 4618 em ordem
Recebi o Pacote: 4619 em ordem
Recebi o Pacote: 4620 em ordem
Recebi o Pacote: 4621 em ordem
Recebi o Pacote: 4622 em ordem
Recebi o Pacote: 4623 em ordem
Recebi o Pacote: 4624 em ordem
Recebi o Pacote: 4625 em ordem
Recebi o Pacote: 4626 em ordem
Recebi o Pacote: 4627 em ordem
Recebi o Pacote: 4628 em ordem
Recebi o Pacote: 4629 em ordem
Recebi o Pacote: 4630 em ordem
Recebi o Pacote: 4631 em ordem
Recebi o Pacote: 4632 em ordem
Recebi o Pacote: 4633 em ordem
Recebi o Pacote: 4634 em ordem
Recebi o Pacote: 4635 em ordem
Recebi o Pacote: 4636 em ordem
Recebi o Pacote: 4637 em ordem
Recebi o Pacote: 4638 em ordem
Recebi o Pacote: 4639 em ordem
Recebi o Pacote: 4640 em ordem
Recebi o Pacote: 4641 em ordem
Recebi o Pacote: 4642 em ordem
Recebi o Pacote: 4643 em ordem
Recebi o Pacote: 4644 em ordem
Recebi o Pacote: 4645 em ordem
Recebi o Pacote: 4646 em ordem
Recebi o Pacote: 4647 em ordem
Recebi o Pacote: 4648 em ordem
Recebi o Pacote: 4649 em ordem
Recebi o Pacote: 4650 em ordem
Recebi o Pacote: 4651 em ordem
Recebi o Pacote: 4652 em ordem
Recebi o Pacote: 4653 em ordem
Recebi o Pacote: 4654 em ordem
Recebi o Pacote: 4655 em ordem
Recebi o Pacote: 4656 em ordem
Recebi o Pacote: 4657 em ordem
Recebi o Pacote: 4658 em ordem
Recebi o Pacote: 4659 em ordem
Recebi o Pacote: 4660 em ordem
Recebi o Pacote: 4661 em ordem
Recebi o Pacote: 4662 em ordem
Recebi o Pacote: 4663 em ordem
Recebi o Pacote: 4664 em ordem
Recebi o Pacote: 4665 em ordem
Recebi o Pacote: 4666 em ordem
Recebi o Pacote: 4667 em ordem
Recebi o Pacote: 4668 em ordem
Recebi o Pacote: 4669 em ordem
Recebi o Pacote: 4670 em ordem
Recebi o Pacote: 4671 em ordem
Recebi o Pacote: 4672 em ordem
Recebi o Pacote: 4673 em ordem
Recebi o Pacote: 4674 em ordem
Recebi o Pacote: 4675 em ordem
Recebi o Pacote: 4676 em ordem
Recebi o Pacote: 4677 em ordem
Recebi o Pacote: 4678 em ordem
Recebi o Pacote: 4679 em ordem
Recebi o Pacote: 4680 em ordem
Recebi o Pacote: 4681 em ordem
Recebi o Pacote: 4682 em ordem
Recebi o Pacote: 4683 em ordem
Recebi o Pacote: 4684 em ordem
Recebi o Pacote: 4685 em ordem
Recebi o Pacote: 4686 em ordem
Recebi o Pacote: 4687 em ordem
Recebi o Pacote: 4688 em ordem
Recebi o Pacote: 4689 em ordem
Recebi o Pacote: 4690 em ordem
Recebi o Pacote: 4691 em ordem
Recebi o Pacote: 4692 em ordem
Recebi o Pacote: 4693 em ordem
Recebi o Pacote: 4694 em ordem
Recebi o Pacote: 4695 em ordem
Recebi o Pacote: 4696 em ordem
Recebi o Pacote: 4697 em ordem
Recebi o Pacote: 4698 em ordem
Recebi o Pacote: 4699 em ordem
Recebi o Pacote: 4700 em ordem
Recebi o Pacote: 4701 em ordem
Recebi o Pacote: 4702 em ordem
Recebi o Pacote: 4703 em ordem
Recebi o Pacote: 4704 em ordem
Recebi o Pacote: 4705 em ordem
Recebi o Pacote: 4706 em ordem
Recebi o Pacote: 4707 em ordem
Recebi o Pacote: 4708 em ordem
Recebi o Pacote: 4709 em ordem
Recebi o Pacote: 4710 em ordem
Recebi o Pacote: 4711 em ordem
Recebi o Pacote: 4712 em ordem
Recebi o Pacote: 4713 em ordem
Recebi o Pacote: 4714 em ordem
Recebi o Pacote: 4715 em ordem
Recebi o Pacote: 4716 em ordem
Recebi o Pacote: 4717 em ordem
Recebi o Pacote: 4718 em ordem
Recebi o Pacote: 4719 em ordem
Recebi o Pacote: 4720 em ordem
Recebi o Pacote: 4721 em ordem
Recebi o Pacote: 4722 em ordem
Recebi o Pacote: 4723 em ordem
Recebi o Pacote: 4724 em ordem
Recebi o Pacote: 4725 em ordem
Recebi o Pacote: 4726 em ordem
Recebi o Pacote: 4727 em ordem
Recebi o Pacote: 4728 em ordem
Recebi o Pacote: 4729 em ordem
Recebi o Pacote: 4730 em ordem
Recebi o Pacote: 4731 em ordem
Recebi o Pacote: 4732 em ordem
Recebi o Pacote: 4733 em ordem
Recebi o Pacote: 4734 em ordem
Recebi o Pacote: 4735 em ordem
Recebi o Pacote: 4736 em ordem
Recebi o Pacote: 4737 em ordem
Recebi o Pacote: 4738 em ordem
Recebi o Pacote: 4739 em ordem
Recebi o Pacote: 4740 em ordem
Recebi o Pacote: 4741 em ordem
Recebi o Pacote: 4742 em ordem
Recebi o Pacote: 4743 em ordem
Recebi o Pacote: 4744 em ordem
Recebi o Pacote: 4745 em ordem
Recebi o Pacote: 4746 em ordem
Recebi o Pacote: 4747 em ordem
Recebi o Pacote: 4748 em ordem
Recebi o Pacote: 4749 em ordem
Recebi o Pacote: 4750 em ordem
Recebi o Pacote: 4751 em ordem
Recebi o Pacote: 4752 em ordem
Recebi o Pacote: 4753 em ordem
Recebi o Pacote: 4754 em ordem
Recebi o Pacote: 4755 em ordem
Recebi o Pacote: 4756 em ordem
Recebi o Pacote: 4757 em ordem
Recebi o Pacote: 4758 em ordem
Recebi o Pacote: 4759 em ordem
Recebi o Pacote: 4760 em ordem
Recebi o Pacote: 4761 em ordem
Recebi o Pacote: 4762 em ordem
Recebi o Pacote: 4763 em ordem
Recebi o Pacote: 4764 em ordem
Recebi o Pacote: 4765 em ordem
Recebi o Pacote: 4766 em ordem
Recebi o Pacote: 4767 em ordem
Recebi o Pacote: 4768 em ordem
Recebi o Pacote: 4769 em ordem
Recebi o Pacote: 4770 em ordem
Recebi o Pacote: 4771 em ordem
Recebi o Pacote: 4772 em ordem
Recebi o Pacote: 4773 em ordem
Recebi o Pacote: 4774 em ordem
Recebi o Pacote: 4775 em ordem
Recebi o Pacote: 4776 em ordem
Recebi o Pacote: 4777 em ordem
Recebi o Pacote: 4778 em ordem
Recebi o Pacote: 4779 em ordem
Recebi o Pacote: 4780 em ordem
Recebi o Pacote: 4781 em ordem
Recebi o Pacote: 4782 em ordem
Recebi o Pacote: 4783 em ordem
Recebi o Pacote: 4784 em ordem
Recebi o Pacote: 4785 em ordem
Recebi o Pacote: 4786 em ordem
Recebi o Pacote: 4787 em ordem
Recebi o Pacote: 4788 em ordem
Recebi o Pacote: 4789 em ordem
Recebi o Pacote: 4790 em ordem
Recebi o Pacote: 4791 em ordem
Recebi o Pacote: 4792 em ordem
Recebi o Pacote: 4793 em ordem
Recebi o Pacote: 4794 em ordem
Recebi o Pacote: 4795 em ordem
Recebi o Pacote: 4796 em ordem
Recebi o Pacote: 4797 em ordem
Recebi o Pacote: 4798 em ordem
Recebi o Pacote: 4799 em ordem
Recebi o Pacote: 4800 em ordem
Recebi o Pacote: 4801 em ordem
Recebi o Pacote: 4802 em ordem
Recebi o Pacote: 4803 em ordem
Recebi o Pacote: 4804 em ordem
Recebi o Pacote: 4805 em ordem
Recebi o Pacote: 4806 em ordem
Recebi o Pacote: 4807 em ordem
Recebi o Pacote: 4808 em ordem
Recebi o Pacote: 4809 em ordem
Recebi o Pacote: 4810 em ordem
Recebi o Pacote: 4811 em ordem
Recebi o Pacote: 4812 em ordem
Recebi o Pacote: 4813 em ordem
Recebi o Pacote: 4814 em ordem
Recebi o Pacote: 4815 em ordem
Recebi o Pacote: 4816 em ordem
Recebi o Pacote: 4817 em ordem
Recebi o Pacote: 4818 em ordem
Recebi o Pacote: 4819 em ordem
Recebi o Pacote: 4820 em ordem
Recebi o Pacote: 4821 em ordem
Recebi o Pacote: 4822 em ordem
Recebi o Pacote: 4823 em ordem
Recebi o Pacote: 4824 em ordem
Recebi o Pacote: 4825 em ordem
Recebi o Pacote: 4826 em ordem
Recebi o Pacote: 4827 em ordem
Recebi o Pacote: 4828 em ordem
Recebi o Pacote: 4829 em ordem
Recebi o Pacote: 4830 em ordem
Recebi o Pacote: 4831 em ordem
Recebi o Pacote: 4832 em ordem
Recebi o Pacote: 4833 em ordem
Recebi o Pacote: 4834 em ordem
Recebi o Pacote: 4835 em ordem
Recebi o Pacote: 4836 em ordem
Recebi o Pacote: 4837 em ordem
Recebi o Pacote: 4838 em ordem
Recebi o Pacote: 4839 em ordem
Recebi o Pacote: 4840 em ordem
Recebi o Pacote: 4841 em ordem
Recebi o Pacote: 4842 em ordem
Recebi o Pacote: 4843 em ordem
Recebi o Pacote: 4844 em ordem
Recebi o Pacote: 4845 em ordem
Recebi o Pacote: 4846 em ordem
Recebi o Pacote: 4847 em ordem
Recebi o Pacote: 4848 em ordem
Recebi o Pacote: 4849 em ordem
Recebi o Pacote: 4850 em ordem
Recebi o Pacote: 4851 em ordem
Recebi o Pacote: 4852 em ordem
Recebi o Pacote: 4853 em ordem
Recebi o Pacote: 4854 em ordem
Recebi o Pacote: 4855 em ordem
Recebi o Pacote: 4856 em ordem
Recebi o Pacote: 4857 em ordem
Recebi o Pacote: 4858 em ordem
Recebi o Pacote: 4859 em ordem
Recebi o Pacote: 4860 em ordem
Recebi o Pacote: 4861 em ordem
Recebi o Pacote: 4862 em ordem
Recebi o Pacote: 4863 em ordem
Recebi o Pacote: 4864 em ordem
Recebi o Pacote: 4865 em ordem
Recebi o Pacote: 4866 em ordem
Recebi o Pacote: 4867 em ordem
Recebi o Pacote: 4868 em ordem
Recebi o Pacote: 4869 em ordem
Recebi o Pacote: 4870 em ordem
Recebi o Pacote: 4871 em ordem
Recebi o Pacote: 4872 em ordem
Recebi o Pacote: 4873 em ordem
Recebi o Pacote: 4874 em ordem
Recebi o Pacote: 4875 em ordem
Recebi o Pacote: 4876 em ordem
Recebi o Pacote: 4877 em ordem
Recebi o Pacote: 4878 em ordem
Recebi o Pacote: 4879 em ordem
Recebi o Pacote: 4880 em ordem
Recebi o Pacote: 4881 em ordem
Recebi o Pacote: 4882 em ordem
Recebi o Pacote: 4883 em ordem
Recebi o Pacote: 4884 em ordem
Recebi o Pacote: 4885 em ordem
Recebi o Pacote: 4886 em ordem
Recebi o Pacote: 4887 em ordem
Recebi o Pacote: 4888 em ordem
Recebi o Pacote: 4889 em ordem
Recebi o Pacote: 4890 em ordem
Recebi o Pacote: 4891 em ordem
Recebi o Pacote: 4892 em ordem
Recebi o Pacote: 4893 em ordem
Recebi o Pacote: 4894 em ordem
Recebi o Pacote: 4895 em ordem
Recebi o Pacote: 4896 em ordem
Recebi o Pacote: 4897 em ordem
Recebi o Pacote: 4898 em ordem
Recebi o Pacote: 4899 em ordem
Recebi o Pacote: 4900 em ordem
Recebi o Pacote: 4901 em ordem
Recebi o Pacote: 4902 em ordem
Recebi o Pacote: 4903 em ordem
Recebi o Pacote: 4904 em ordem
Recebi o Pacote: 4905 em ordem
Recebi o Pacote: 4906 em ordem
Recebi o Pacote: 4907 em ordem
Recebi o Pacote: 4908 em ordem
Recebi o Pacote: 4909 em ordem
Recebi o Pacote: 4910 em ordem
Recebi o Pacote: 4911 em ordem
Recebi o Pacote: 4912 em ordem
Recebi o Pacote: 4913 em ordem
Recebi o Pacote: 4914 em ordem
Recebi o Pacote: 4915 em ordem
Recebi o Pacote: 4916 em ordem
Recebi o Pacote: 4917 em ordem
Recebi o Pacote: 4918 em ordem
Recebi o Pacote: 4919 em ordem
Recebi o Pacote: 4920 em ordem
Recebi o Pacote: 4921 em ordem
Recebi o Pacote: 4922 em ordem
Recebi o Pacote: 4923 em ordem
Recebi o Pacote: 4924 em ordem
Recebi o Pacote: 4925 em ordem
Recebi o Pacote: 4926 em ordem
Recebi o Pacote: 4927 em ordem
Recebi o Pacote: 4928 em ordem
Recebi o Pacote: 4929 em ordem
Recebi o Pacote: 4930 em ordem
Recebi o Pacote: 4931 em ordem
Recebi o Pacote: 4932 em ordem
Recebi o Pacote: 4933 em ordem
Recebi o Pacote: 4934 em ordem
Recebi o Pacote: 4935 em ordem
Recebi o Pacote: 4936 em ordem
Recebi o Pacote: 4937 em ordem
Recebi o Pacote: 4938 em ordem
Recebi o Pacote: 4939 em ordem
Recebi o Pacote: 4940 em ordem
Recebi o Pacote: 4941 em ordem
Recebi o Pacote: 4942 em ordem
Recebi o Pacote: 4943 em ordem
Recebi o Pacote: 4944 em ordem
Recebi o Pacote: 4945 em ordem
Recebi o Pacote: 4946 em ordem
Recebi o Pacote: 4947 em ordem
Recebi o Pacote: 4948 em ordem
Recebi o Pacote: 4949 em ordem
Recebi o Pacote: 4950 em ordem
Recebi o Pacote: 4951 em ordem
Recebi o Pacote: 4952 em ordem
Recebi o Pacote: 4953 em ordem
Recebi o Pacote: 4954 em ordem
Recebi o Pacote: 4955 em ordem
Recebi o Pacote: 4956 em ordem
Recebi o Pacote: 4957 em ordem
Recebi o Pacote: 4958 em ordem
Recebi o Pacote: 4959 em ordem
Recebi o Pacote: 4960 em ordem
Recebi o Pacote: 4961 em ordem
Recebi o Pacote: 4962 em ordem
Recebi o Pacote: 4963 em ordem
Recebi o Pacote: 4964 em ordem
Recebi o Pacote: 4965 em ordem
Recebi o Pacote: 4966 em ordem
Recebi o Pacote: 4967 em ordem
Recebi o Pacote: 4968 em ordem
Recebi o Pacote: 4969 em ordem
Recebi o Pacote: 4970 em ordem
Recebi o Pacote: 4971 em ordem
Recebi o Pacote: 4972 em ordem
Recebi o Pacote: 4973 em ordem
Recebi o Pacote: 4974 em ordem
Recebi o Pacote: 4975 em ordem
Recebi o Pacote: 4976 em ordem
Recebi o Pacote: 4977 em ordem
Recebi o Pacote: 4978 em ordem
Recebi o Pacote: 4979 em ordem
Recebi o Pacote: 4980 em ordem
Recebi o Pacote: 4981 em ordem
Recebi o Pacote: 4982 em ordem
Recebi o Pacote: 4983 em ordem
Recebi o Pacote: 4984 em ordem
Recebi o Pacote: 4985 em ordem
Recebi o Pacote: 4986 em ordem
Recebi o Pacote: 4987 em ordem
Recebi o Pacote: 4988 em ordem
Recebi o Pacote: 4989 em ordem
Recebi o Pacote: 4990 em ordem
Recebi o Pacote: 4991 em ordem
Recebi o Pacote: 4992 em ordem
Recebi o Pacote: 4993 em ordem
Recebi o Pacote: 4994 em ordem
Recebi o Pacote: 4995 em ordem
Recebi o Pacote: 4996 em ordem
Recebi o Pacote: 4997 em ordem
Recebi o Pacote: 4998 em ordem
Recebi o Pacote: 4999 em ordem
Recebi o Pacote: 5000 em ordem
Recebi o Pacote: 5001 em ordem
Recebi o Pacote: 5002 em ordem
Recebi o Pacote: 5003 em ordem
Recebi o Pacote: 5004 em ordem
Recebi o Pacote: 5005 em ordem
Recebi o Pacote: 5006 em ordem
Recebi o Pacote: 5007 em ordem
Recebi o Pacote: 5008 em ordem
Recebi o Pacote: 5009 em ordem
Recebi o Pacote: 5010 em ordem
Recebi o Pacote: 5011 em ordem
Recebi o Pacote: 5012 em ordem
Recebi o Pacote: 5013 em ordem
Recebi o Pacote: 5014 em ordem
Recebi o Pacote: 5015 em ordem
Recebi o Pacote: 5016 em ordem
Recebi o Pacote: 5017 em ordem
Recebi o Pacote: 5018 em ordem
Recebi o Pacote: 5019 em ordem
Recebi o Pacote: 5020 em ordem
Recebi o Pacote: 5021 em ordem
Recebi o Pacote: 5022 em ordem
Recebi o Pacote: 5023 em ordem
Recebi o Pacote: 5024 em ordem
Recebi o Pacote: 5025 em ordem
Recebi o Pacote: 5026 em ordem
Recebi o Pacote: 5027 em ordem
Recebi o Pacote: 5028 em ordem
Recebi o Pacote: 5029 em ordem
Recebi o Pacote: 5030 em ordem
Recebi o Pacote: 5031 em ordem
Recebi o Pacote: 5032 em ordem
Recebi o Pacote: 5033 em ordem
Recebi o Pacote: 5034 em ordem
Recebi o Pacote: 5035 em ordem
Recebi o Pacote: 5036 em ordem
Recebi o Pacote: 5037 em ordem
Recebi o Pacote: 5038 em ordem
Recebi o Pacote: 5039 em ordem
Recebi o Pacote: 5040 em ordem
Recebi o Pacote: 5041 em ordem
Recebi o Pacote: 5042 em ordem
Recebi o Pacote: 5043 em ordem
Recebi o Pacote: 5044 em ordem
Recebi o Pacote: 5045 em ordem
Recebi o Pacote: 5046 em ordem
Recebi o Pacote: 5047 em ordem
Recebi o Pacote: 5048 em ordem
Recebi o Pacote: 5049 em ordem
Recebi o Pacote: 5050 em ordem
Recebi o Pacote: 5051 em ordem
Recebi o Pacote: 5052 em ordem
Recebi o Pacote: 5053 em ordem
Recebi o Pacote: 5054 em ordem
Recebi o Pacote: 5055 em ordem
Recebi o Pacote: 5056 em ordem
Recebi o Pacote: 5057 em ordem
Recebi o Pacote: 5058 em ordem
Recebi o Pacote: 5059 em ordem
Recebi o Pacote: 5060 em ordem
Recebi o Pacote: 5061 em ordem
Recebi o Pacote: 5062 em ordem
Recebi o Pacote: 5063 em ordem
Recebi o Pacote: 5064 em ordem
Recebi o Pacote: 5065 em ordem
Recebi o Pacote: 5066 em ordem
Recebi o Pacote: 5067 em ordem
Recebi o Pacote: 5068 em ordem
Recebi o Pacote: 5069 em ordem
Recebi o Pacote: 5070 em ordem
Recebi o Pacote: 5071 em ordem
Recebi o Pacote: 5072 em ordem
Recebi o Pacote: 5073 em ordem
Recebi o Pacote: 5074 em ordem
Recebi o Pacote: 5075 em ordem
Recebi o Pacote: 5076 em ordem
Recebi o Pacote: 5077 em ordem
Recebi o Pacote: 5078 em ordem
Recebi o Pacote: 5079 em ordem
Recebi o Pacote: 5080 em ordem
Recebi o Pacote: 5081 em ordem
Recebi o Pacote: 5082 em ordem
Recebi o Pacote: 5083 em ordem
Recebi o Pacote: 5084 em ordem
Recebi o Pacote: 5085 em ordem
Recebi o Pacote: 5086 em ordem
Recebi o Pacote: 5087 em ordem
Recebi o Pacote: 5088 em ordem
Recebi o Pacote: 5089 em ordem
Recebi o Pacote: 5090 em ordem
Recebi o Pacote: 5091 em ordem
Recebi o Pacote: 5092 em ordem
Recebi o Pacote: 5093 em ordem
Recebi o Pacote: 5094 em ordem
Recebi o Pacote: 5095 em ordem
Recebi o Pacote: 5096 em ordem
Recebi o Pacote: 5097 em ordem
Recebi o Pacote: 5098 em ordem
Recebi o Pacote: 5099 em ordem
Recebi o Pacote: 5100 em ordem
Recebi o Pacote: 5101 em ordem
Recebi o Pacote: 5102 em ordem
Recebi o Pacote: 5103 em ordem
Recebi o Pacote: 5104 em ordem
Recebi o Pacote: 5105 em ordem
Recebi o Pacote: 5106 em ordem
Recebi o Pacote: 5107 em ordem
Recebi o Pacote: 5108 em ordem
Recebi o Pacote: 5109 em ordem
Recebi o Pacote: 5110 em ordem
Recebi o Pacote: 5111 em ordem
Recebi o Pacote: 5112 em ordem
Recebi o Pacote: 5113 em ordem
Recebi o Pacote: 5114 em ordem
Recebi o Pacote: 5115 em ordem
Recebi o Pacote: 5116 em ordem
Recebi o Pacote: 5117 em ordem
Recebi o Pacote: 5118 em ordem
Recebi o Pacote: 5119 em ordem
Recebi o Pacote: 5120 em ordem
Recebi o Pacote: 5121 em ordem
Recebi o Pacote: 5122 em ordem
Recebi o Pacote: 5123 em ordem
Recebi o Pacote: 5124 em ordem
Recebi o Pacote: 5125 em ordem
Recebi o Pacote: 5126 em ordem
Recebi o Pacote: 5127 em ordem
Recebi o Pacote: 5128 em ordem
Recebi o Pacote: 5129 em ordem
Recebi o Pacote: 5130 em ordem
Recebi o Pacote: 5131 em ordem
Recebi o Pacote: 5132 em ordem
Recebi o Pacote: 5133 em ordem
Recebi o Pacote: 5134 em ordem
Recebi o Pacote: 5135 em ordem
Recebi o Pacote: 5136 em ordem
Recebi o Pacote: 5137 em ordem
Recebi o Pacote: 5138 em ordem
Recebi o Pacote: 5139 em ordem
Recebi o Pacote: 5140 em ordem
Recebi o Pacote: 5141 em ordem
Recebi o Pacote: 5142 em ordem
Recebi o Pacote: 5143 em ordem
Recebi o Pacote: 5144 em ordem
Recebi o Pacote: 5145 em ordem
Recebi o Pacote: 5146 em ordem
Recebi o Pacote: 5147 em ordem
Recebi o Pacote: 5148 em ordem
Recebi o Pacote: 5149 em ordem
Recebi o Pacote: 5150 em ordem
Recebi o Pacote: 5151 em ordem
Recebi o Pacote: 5152 em ordem
Recebi o Pacote: 5153 em ordem
Recebi o Pacote: 5154 em ordem
Recebi o Pacote: 5155 em ordem
Recebi o Pacote: 5156 em ordem
Recebi o Pacote: 5157 em ordem
Recebi o Pacote: 5158 em ordem
Recebi o Pacote: 5159 em ordem
Recebi o Pacote: 5160 em ordem
Recebi o Pacote: 5161 em ordem
Recebi o Pacote: 5162 em ordem
Recebi o Pacote: 5163 em ordem
Recebi o Pacote: 5164 em ordem
Recebi o Pacote: 5165 em ordem
Recebi o Pacote: 5166 em ordem
Recebi o Pacote: 5167 em ordem
Recebi o Pacote: 5168 em ordem
Recebi o Pacote: 5169 em ordem
Recebi o Pacote: 5170 em ordem
Recebi o Pacote: 5171 em ordem
Recebi o Pacote: 5172 em ordem
Recebi o Pacote: 5173 em ordem
Recebi o Pacote: 5174 em ordem
Recebi o Pacote: 5175 em ordem
Recebi o Pacote: 5176 em ordem
Recebi o Pacote: 5177 em ordem
Recebi o Pacote: 5178 em ordem
Recebi o Pacote: 5179 em ordem
Recebi o Pacote: 5180 em ordem
Recebi o Pacote: 5181 em ordem
Recebi o Pacote: 5182 em ordem
Recebi o Pacote: 5183 em ordem
Recebi o Pacote: 5184 em ordem
Recebi o Pacote: 5185 em ordem
Recebi o Pacote: 5186 em ordem
Recebi o Pacote: 5187 em ordem
Recebi o Pacote: 5188 em ordem
Recebi o Pacote: 5189 em ordem
Recebi o Pacote: 5190 em ordem
Recebi o Pacote: 5191 em ordem
Recebi o Pacote: 5192 em ordem
Recebi o Pacote: 5193 em ordem
Recebi o Pacote: 5194 em ordem
Recebi o Pacote: 5195 em ordem
Recebi o Pacote: 5196 em ordem
Recebi o Pacote: 5197 em ordem
Recebi o Pacote: 5198 em ordem
Recebi o Pacote: 5199 em ordem
Recebi o Pacote: 5200 em ordem
Recebi o Pacote: 5201 em ordem
Recebi o Pacote: 5202 em ordem
Recebi o Pacote: 5203 em ordem
Recebi o Pacote: 5204 em ordem
Recebi o Pacote: 5205 em ordem
Recebi o Pacote: 5206 em ordem
Recebi o Pacote: 5207 em ordem
Recebi o Pacote: 5208 em ordem
Recebi o Pacote: 5209 em ordem
Recebi o Pacote: 5210 em ordem
Recebi o Pacote: 5211 em ordem
Recebi o Pacote: 5212 em ordem
Recebi o Pacote: 5213 em ordem
Recebi o Pacote: 5214 em ordem
Recebi o Pacote: 5215 em ordem
Recebi o Pacote: 5216 em ordem
Recebi o Pacote: 5217 em ordem
Recebi o Pacote: 5218 em ordem
Recebi o Pacote: 5219 em ordem
Recebi o Pacote: 5220 em ordem
Recebi o Pacote: 5221 em ordem
Recebi o Pacote: 5222 em ordem
Recebi o Pacote: 5223 em ordem
Recebi o Pacote: 5224 em ordem
Recebi o Pacote: 5225 em ordem
Recebi o Pacote: 5226 em ordem
Recebi o Pacote: 5227 em ordem
Recebi o Pacote: 5228 em ordem
Recebi o Pacote: 5229 em ordem
Recebi o Pacote: 5230 em ordem
Recebi o Pacote: 5231 em ordem
Recebi o Pacote: 5232 em ordem
Recebi o Pacote: 5233 em ordem
Recebi o Pacote: 5234 em ordem
Recebi o Pacote: 5235 em ordem
Recebi o Pacote: 5236 em ordem
Recebi o Pacote: 5237 em ordem
Recebi o Pacote: 5238 em ordem
Recebi o Pacote: 5239 em ordem
Recebi o Pacote: 5240 em ordem
Recebi o Pacote: 5241 em ordem
Recebi o Pacote: 5242 em ordem
Recebi o Pacote: 5243 em ordem
Recebi o Pacote: 5244 em ordem
Recebi o Pacote: 5245 em ordem
Recebi o Pacote: 5246 em ordem
Recebi o Pacote: 5247 em ordem
Recebi o Pacote: 5248 em ordem
Recebi o Pacote: 5249 em ordem
Recebi o Pacote: 5250 em ordem
Recebi o Pacote: 5251 em ordem
Recebi o Pacote: 5252 em ordem
Recebi o Pacote: 5253 em ordem
Recebi o Pacote: 5254 em ordem
Recebi o Pacote: 5255 em ordem
Recebi o Pacote: 5256 em ordem
Recebi o Pacote: 5257 em ordem
Recebi o Pacote: 5258 em ordem
Recebi o Pacote: 5259 em ordem
Recebi o Pacote: 5260 em ordem
Recebi o Pacote: 5261 em ordem
Recebi o Pacote: 5262 em ordem
Recebi o Pacote: 5263 em ordem
Recebi o Pacote: 5264 em ordem
Recebi o Pacote: 5265 em ordem
Recebi o Pacote: 5266 em ordem
Recebi o Pacote: 5267 em ordem
Recebi o Pacote: 5268 em ordem
Recebi o Pacote: 5269 em ordem
Recebi o Pacote: 5270 em ordem
Recebi o Pacote: 5271 em ordem
Recebi o Pacote: 5272 em ordem
Recebi o Pacote: 5273 em ordem
Recebi o Pacote: 5274 em ordem
Recebi o Pacote: 5275 em ordem
Recebi o Pacote: 5276 em ordem
Recebi o Pacote: 5277 em ordem
Recebi o Pacote: 5278 em ordem
Recebi o Pacote: 5279 em ordem
Recebi o Pacote: 5280 em ordem
Recebi o Pacote: 5281 em ordem
Recebi o Pacote: 5282 em ordem
Recebi o Pacote: 5283 em ordem
Recebi o Pacote: 5284 em ordem
Recebi o Pacote: 5285 em ordem
Recebi o Pacote: 5286 em ordem
Recebi o Pacote: 5287 em ordem
Recebi o Pacote: 5288 em ordem
Recebi o Pacote: 5289 em ordem
Recebi o Pacote: 5290 em ordem
Recebi o Pacote: 5291 em ordem
Recebi o Pacote: 5292 em ordem
Recebi o Pacote: 5293 em ordem
Recebi o Pacote: 5294 em ordem
Recebi o Pacote: 5295 em ordem
Recebi o Pacote: 5296 em ordem
Recebi o Pacote: 5297 em ordem
Recebi o Pacote: 5298 em ordem
Recebi o Pacote: 5299 em ordem
Recebi o Pacote: 5300 em ordem
Recebi o Pacote: 5301 em ordem
Recebi o Pacote: 5302 em ordem
Recebi o Pacote: 5303 em ordem
Recebi o Pacote: 5304 em ordem
Recebi o Pacote: 5305 em ordem
Recebi o Pacote: 5306 em ordem
Recebi o Pacote: 5307 em ordem
Recebi o Pacote: 5308 em ordem
Recebi o Pacote: 5309 em ordem
Recebi o Pacote: 5310 em ordem
Recebi o Pacote: 5311 em ordem
Recebi o Pacote: 5312 em ordem
Recebi o Pacote: 5313 em ordem
Recebi o Pacote: 5314 em ordem
Recebi o Pacote: 5315 em ordem
Recebi o Pacote: 5316 em ordem
Recebi o Pacote: 5317 em ordem
Recebi o Pacote: 5318 em ordem
Recebi o Pacote: 5319 em ordem
Recebi o Pacote: 5320 em ordem
Recebi o Pacote: 5321 em ordem
Recebi o Pacote: 5322 em ordem
Recebi o Pacote: 5323 em ordem
Recebi o Pacote: 5324 em ordem
Recebi o Pacote: 5325 em ordem
Recebi o Pacote: 5326 em ordem
Recebi o Pacote: 5327 em ordem
Recebi o Pacote: 5328 em ordem
Recebi o Pacote: 5329 em ordem
Recebi o Pacote: 5330 em ordem
Recebi o Pacote: 5331 em ordem
Recebi o Pacote: 5332 em ordem
Recebi o Pacote: 5333 em ordem
Recebi o Pacote: 5334 em ordem
Recebi o Pacote: 5335 em ordem
Recebi o Pacote: 5336 em ordem
Recebi o Pacote: 5337 em ordem
Recebi o Pacote: 5338 em ordem
Recebi o Pacote: 5339 em ordem
Recebi o Pacote: 5340 em ordem
Recebi o Pacote: 5341 em ordem
Recebi o Pacote: 5342 em ordem
Recebi o Pacote: 5343 em ordem
Recebi o Pacote: 5344 em ordem
Recebi o Pacote: 5345 em ordem
Recebi o Pacote: 5346 em ordem
Recebi o Pacote: 5347 em ordem
Recebi o Pacote: 5348 em ordem
Recebi o Pacote: 5349 em ordem
Recebi o Pacote: 5350 em ordem
Recebi o Pacote: 5351 em ordem
Recebi o Pacote: 5352 em ordem
Recebi o Pacote: 5353 em ordem
Recebi o Pacote: 5354 em ordem
Recebi o Pacote: 5355 em ordem
Recebi o Pacote: 5356 em ordem
Recebi o Pacote: 5357 em ordem
Recebi o Pacote: 5358 em ordem
Recebi o Pacote: 5359 em ordem
Recebi o Pacote: 5360 em ordem
Recebi o Pacote: 5361 em ordem
Recebi o Pacote: 5362 em ordem
Recebi o Pacote: 5363 em ordem
Recebi o Pacote: 5364 em ordem
Recebi o Pacote: 5365 em ordem
Recebi o Pacote: 5366 em ordem
Recebi o Pacote: 5367 em ordem
Recebi o Pacote: 5368 em ordem
Recebi o Pacote: 5369 em ordem
Recebi o Pacote: 5370 em ordem
Recebi o Pacote: 5371 em ordem
Recebi o Pacote: 5372 em ordem
Recebi o Pacote: 5373 em ordem
Recebi o Pacote: 5374 em ordem
Recebi o Pacote: 5375 em ordem
Recebi o Pacote: 5376 em ordem
Recebi o Pacote: 5377 em ordem
Recebi o Pacote: 5378 em ordem
Recebi o Pacote: 5379 em ordem
Recebi o Pacote: 5380 em ordem
Recebi o Pacote: 5381 em ordem
Recebi o Pacote: 5382 em ordem
Recebi o Pacote: 5383 em ordem
Recebi o Pacote: 5384 em ordem
Recebi o Pacote: 5385 em ordem
Recebi o Pacote: 5386 em ordem
Recebi o Pacote: 5387 em ordem
Recebi o Pacote: 5388 em ordem
Recebi o Pacote: 5389 em ordem
Recebi o Pacote: 5390 em ordem
Recebi o Pacote: 5391 em ordem
Recebi o Pacote: 5392 em ordem
Recebi o Pacote: 5393 em ordem
Recebi o Pacote: 5394 em ordem
Recebi o Pacote: 5395 em ordem
Recebi o Pacote: 5396 em ordem
Recebi o Pacote: 5397 em ordem
Recebi o Pacote: 5398 em ordem
Recebi o Pacote: 5399 em ordem
Recebi o Pacote: 5400 em ordem
Recebi o Pacote: 5401 em ordem
Recebi o Pacote: 5402 em ordem
Recebi o Pacote: 5403 em ordem
Recebi o Pacote: 5404 em ordem
Recebi o Pacote: 5405 em ordem
Recebi o Pacote: 5406 em ordem
Recebi o Pacote: 5407 em ordem
Recebi o Pacote: 5408 em ordem
Recebi o Pacote: 5409 em ordem
Recebi o Pacote: 5410 em ordem
Recebi o Pacote: 5411 em ordem
Recebi o Pacote: 5412 em ordem
Recebi o Pacote: 5413 em ordem
Recebi o Pacote: 5414 em ordem
Recebi o Pacote: 5415 em ordem
Recebi o Pacote: 5416 em ordem
Recebi o Pacote: 5417 em ordem
Recebi o Pacote: 5418 em ordem
Recebi o Pacote: 5419 em ordem
Recebi o Pacote: 5420 em ordem
Recebi o Pacote: 5421 em ordem
Recebi o Pacote: 5422 em ordem
Recebi o Pacote: 5423 em ordem
Recebi o Pacote: 5424 em ordem
Recebi o Pacote: 5425 em ordem
Recebi o Pacote: 5426 em ordem
Recebi o Pacote: 5427 em ordem
Recebi o Pacote: 5428 em ordem
Recebi o Pacote: 5429 em ordem
Recebi o Pacote: 5430 em ordem
Recebi o Pacote: 5431 em ordem
Recebi o Pacote: 5432 em ordem
Recebi o Pacote: 5433 em ordem
Recebi o Pacote: 5434 em ordem
Recebi o Pacote: 5435 em ordem
Recebi o Pacote: 5436 em ordem
Recebi o Pacote: 5437 em ordem
Recebi o Pacote: 5438 em ordem
Recebi o Pacote: 5439 em ordem
Recebi o Pacote: 5440 em ordem
Recebi o Pacote: 5441 em ordem
Recebi o Pacote: 5442 em ordem
Recebi o Pacote: 5443 em ordem
Recebi o Pacote: 5444 em ordem
Recebi o Pacote: 5445 em ordem
Recebi o Pacote: 5446 em ordem
Recebi o Pacote: 5447 em ordem
Recebi o Pacote: 5448 em ordem
Recebi o Pacote: 5449 em ordem
Recebi o Pacote: 5450 em ordem
Recebi o Pacote: 5451 em ordem
Recebi o Pacote: 5452 em ordem
Recebi o Pacote: 5453 em ordem
Recebi o Pacote: 5454 em ordem
Recebi o Pacote: 5455 em ordem
Recebi o Pacote: 5456 em ordem
Recebi o Pacote: 5457 em ordem
Recebi o Pacote: 5458 em ordem
Recebi o Pacote: 5459 em ordem
Recebi o Pacote: 5460 em ordem
Recebi o Pacote: 5461 em ordem
Recebi o Pacote: 5462 em ordem
Recebi o Pacote: 5463 em ordem
Recebi o Pacote: 5464 em ordem
Recebi o Pacote: 5465 em ordem
Recebi o Pacote: 5466 em ordem
Recebi o Pacote: 5467 em ordem
Recebi o Pacote: 5468 em ordem
Recebi o Pacote: 5469 em ordem
Recebi o Pacote: 5470 em ordem
Recebi o Pacote: 5471 em ordem
Recebi o Pacote: 5472 em ordem
Recebi o Pacote: 5473 em ordem
Recebi o Pacote: 5474 em ordem
Recebi o Pacote: 5475 em ordem
Recebi o Pacote: 5476 em ordem
Recebi o Pacote: 5477 em ordem
Recebi o Pacote: 5478 em ordem
Recebi o Pacote: 5479 em ordem
Recebi o Pacote: 5480 em ordem
Recebi o Pacote: 5481 em ordem
Recebi o Pacote: 5482 em ordem
Recebi o Pacote: 5483 em ordem
Recebi o Pacote: 5484 em ordem
Recebi o Pacote: 5485 em ordem
Recebi o Pacote: 5486 em ordem
Recebi o Pacote: 5487 em ordem
Recebi o Pacote: 5488 em ordem
Recebi o Pacote: 5489 em ordem
Recebi o Pacote: 5490 em ordem
Recebi o Pacote: 5491 em ordem
Recebi o Pacote: 5492 em ordem
Recebi o Pacote: 5493 em ordem
Recebi o Pacote: 5494 em ordem
Recebi o Pacote: 5495 em ordem
Recebi o Pacote: 5496 em ordem
Recebi o Pacote: 5497 em ordem
Recebi o Pacote: 5498 em ordem
Recebi o Pacote: 5499 em ordem
Recebi o Pacote: 5500 em ordem
Recebi o Pacote: 5501 em ordem
Recebi o Pacote: 5502 em ordem
Recebi o Pacote: 5503 em ordem
Recebi o Pacote: 5504 em ordem
Recebi o Pacote: 5505 em ordem
Recebi o Pacote: 5506 em ordem
Recebi o Pacote: 5507 em ordem
Recebi o Pacote: 5508 em ordem
Recebi o Pacote: 5509 em ordem
Recebi o Pacote: 5510 em ordem
Recebi o Pacote: 5511 em ordem
Recebi o Pacote: 5512 em ordem
Recebi o Pacote: 5513 em ordem
Recebi o Pacote: 5514 em ordem
Recebi o Pacote: 5515 em ordem
Recebi o Pacote: 5516 em ordem
Recebi o Pacote: 5517 em ordem
Recebi o Pacote: 5518 em ordem
Recebi o Pacote: 5519 em ordem
Recebi o Pacote: 5520 em ordem
Recebi o Pacote: 5521 em ordem
Recebi o Pacote: 5522 em ordem
Recebi o Pacote: 5523 em ordem
Recebi o Pacote: 5524 em ordem
Recebi o Pacote: 5525 em ordem
Recebi o Pacote: 5526 em ordem
Recebi o Pacote: 5527 em ordem
Recebi o Pacote: 5528 em ordem
Recebi o Pacote: 5529 em ordem
Recebi o Pacote: 5530 em ordem
Recebi o Pacote: 5531 em ordem
Recebi o Pacote: 5532 em ordem
Recebi o Pacote: 5533 em ordem
Recebi o Pacote: 5534 em ordem
Recebi o Pacote: 5535 em ordem
Recebi o Pacote: 5536 em ordem
Recebi o Pacote: 5537 em ordem
Recebi o Pacote: 5538 em ordem
Recebi o Pacote: 5539 em ordem
Recebi o Pacote: 5540 em ordem
Recebi o Pacote: 5541 em ordem
Recebi o Pacote: 5542 em ordem
Recebi o Pacote: 5543 em ordem
Recebi o Pacote: 5544 em ordem
Recebi o Pacote: 5545 em ordem
Recebi o Pacote: 5546 em ordem
Recebi o Pacote: 5547 em ordem
Recebi o Pacote: 5548 em ordem
Recebi o Pacote: 5549 em ordem
Recebi o Pacote: 5550 em ordem
Recebi o Pacote: 5551 em ordem
Recebi o Pacote: 5552 em ordem
Recebi o Pacote: 5553 em ordem
Recebi o Pacote: 5554 em ordem
Recebi o Pacote: 5555 em ordem
Recebi o Pacote: 5556 em ordem
Recebi o Pacote: 5557 em ordem
Recebi o Pacote: 5558 em ordem
Recebi o Pacote: 5559 em ordem
Recebi o Pacote: 5560 em ordem
Recebi o Pacote: 5561 em ordem
Recebi o Pacote: 5562 em ordem
Recebi o Pacote: 5563 em ordem
Recebi o Pacote: 5564 em ordem
Recebi o Pacote: 5565 em ordem
Recebi o Pacote: 5566 em ordem
Recebi o Pacote: 5567 em ordem
Recebi o Pacote: 5568 em ordem
Recebi o Pacote: 5569 em ordem
Recebi o Pacote: 5570 em ordem
Recebi o Pacote: 5571 em ordem
Recebi o Pacote: 5572 em ordem
Recebi o Pacote: 5573 em ordem
Recebi o Pacote: 5574 em ordem
Recebi o Pacote: 5575 em ordem
Recebi o Pacote: 5576 em ordem
Recebi o Pacote: 5577 em ordem
Recebi o Pacote: 5578 em ordem
Recebi o Pacote: 5579 em ordem
Recebi o Pacote: 5580 em ordem
Recebi o Pacote: 5581 em ordem
Recebi o Pacote: 5582 em ordem
Recebi o Pacote: 5583 em ordem
Recebi o Pacote: 5584 em ordem
Recebi o Pacote: 5585 em ordem
Recebi o Pacote: 5586 em ordem
Recebi o Pacote: 5587 em ordem
Recebi o Pacote: 5588 em ordem
Recebi o Pacote: 5589 em ordem
Recebi o Pacote: 5590 em ordem
Recebi o Pacote: 5591 em ordem
Recebi o Pacote: 5592 em ordem
Recebi o Pacote: 5593 em ordem
Recebi o Pacote: 5594 em ordem
Recebi o Pacote: 5595 em ordem
Recebi o Pacote: 5596 em ordem
Recebi o Pacote: 5597 em ordem
Recebi o Pacote: 5598 em ordem
Recebi o Pacote: 5599 em ordem
Recebi o Pacote: 5600 em ordem
Recebi o Pacote: 5601 em ordem
Recebi o Pacote: 5602 em ordem
Recebi o Pacote: 5603 em ordem
Recebi o Pacote: 5604 em ordem
Recebi o Pacote: 5605 em ordem
Recebi o Pacote: 5606 em ordem
Recebi o Pacote: 5607 em ordem
Recebi o Pacote: 5608 em ordem
Recebi o Pacote: 5609 em ordem
Recebi o Pacote: 5610 em ordem
Recebi o Pacote: 5611 em ordem
Recebi o Pacote: 5612 em ordem
Recebi o Pacote: 5613 em ordem
Recebi o Pacote: 5614 em ordem
Recebi o Pacote: 5615 em ordem
Recebi o Pacote: 5616 em ordem
Recebi o Pacote: 5617 em ordem
Recebi o Pacote: 5618 em ordem
Recebi o Pacote: 5619 em ordem
Recebi o Pacote: 5620 em ordem
Recebi o Pacote: 5621 em ordem
Recebi o Pacote: 5622 em ordem
Recebi o Pacote: 5623 em ordem
Recebi o Pacote: 5624 em ordem
Recebi o Pacote: 5625 em ordem
Recebi o Pacote: 5626 em ordem
Recebi o Pacote: 5627 em ordem
Recebi o Pacote: 5628 em ordem
Recebi o Pacote: 5629 em ordem
Recebi o Pacote: 5630 em ordem
Recebi o Pacote: 5631 em ordem
Recebi o Pacote: 5632 em ordem
Recebi o Pacote: 5633 em ordem
Recebi o Pacote: 5634 em ordem
Recebi o Pacote: 5635 em ordem
Recebi o Pacote: 5636 em ordem
Recebi o Pacote: 5637 em ordem
Recebi o Pacote: 5638 em ordem
Recebi o Pacote: 5639 em ordem
Recebi o Pacote: 5640 em ordem
Recebi o Pacote: 5641 em ordem
Recebi o Pacote: 5642 em ordem
Recebi o Pacote: 5643 em ordem
Recebi o Pacote: 5644 em ordem
Recebi o Pacote: 5645 em ordem
Recebi o Pacote: 5646 em ordem
Recebi o Pacote: 5647 em ordem
Recebi o Pacote: 5648 em ordem
Recebi o Pacote: 5649 em ordem
Recebi o Pacote: 5650 em ordem
Recebi o Pacote: 5651 em ordem
Recebi o Pacote: 5652 em ordem
Recebi o Pacote: 5653 em ordem
Recebi o Pacote: 5654 em ordem
Recebi o Pacote: 5655 em ordem
Recebi o Pacote: 5656 em ordem
Recebi o Pacote: 5657 em ordem
Recebi o Pacote: 5658 em ordem
Recebi o Pacote: 5659 em ordem
Recebi o Pacote: 5660 em ordem
Recebi o Pacote: 5661 em ordem
Recebi o Pacote: 5662 em ordem
Recebi o Pacote: 5663 em ordem
Recebi o Pacote: 5664 em ordem
Recebi o Pacote: 5665 em ordem
Recebi o Pacote: 5666 em ordem
Recebi o Pacote: 5667 em ordem
Recebi o Pacote: 5668 em ordem
Recebi o Pacote: 5669 em ordem
Recebi o Pacote: 5670 em ordem
Recebi o Pacote: 5671 em ordem
Recebi o Pacote: 5672 em ordem
Recebi o Pacote: 5673 em ordem
Recebi o Pacote: 5674 em ordem
Recebi o Pacote: 5675 em ordem
Recebi o Pacote: 5676 em ordem
Recebi o Pacote: 5677 em ordem
Recebi o Pacote: 5678 em ordem
Recebi o Pacote: 5679 em ordem
Recebi o Pacote: 5680 em ordem
Recebi o Pacote: 5681 em ordem
Recebi o Pacote: 5682 em ordem
Recebi o Pacote: 5683 em ordem
Recebi o Pacote: 5684 em ordem
Recebi o Pacote: 5685 em ordem
Recebi o Pacote: 5686 em ordem
Recebi o Pacote: 5687 em ordem
Recebi o Pacote: 5688 em ordem
Recebi o Pacote: 5689 em ordem
Recebi o Pacote: 5690 em ordem
Recebi o Pacote: 5691 em ordem
Recebi o Pacote: 5692 em ordem
Recebi o Pacote: 5693 em ordem
Recebi o Pacote: 5694 em ordem
Recebi o Pacote: 5695 em ordem
Recebi o Pacote: 5696 em ordem
Recebi o Pacote: 5697 em ordem
Recebi o Pacote: 5698 em ordem
Recebi o Pacote: 5699 em ordem
Recebi o Pacote: 5700 em ordem
Recebi o Pacote: 5701 em ordem
Recebi o Pacote: 5702 em ordem
Recebi o Pacote: 5703 em ordem
Recebi o Pacote: 5704 em ordem
Recebi o Pacote: 5705 em ordem
Recebi o Pacote: 5706 em ordem
Recebi o Pacote: 5707 em ordem
Recebi o Pacote: 5708 em ordem
Recebi o Pacote: 5709 em ordem
Recebi o Pacote: 5710 em ordem
Recebi o Pacote: 5711 em ordem
Recebi o Pacote: 5712 em ordem
Recebi o Pacote: 5713 em ordem
Recebi o Pacote: 5714 em ordem
Recebi o Pacote: 5715 em ordem
Recebi o Pacote: 5716 em ordem
Recebi o Pacote: 5717 em ordem
Recebi o Pacote: 5718 em ordem
Recebi o Pacote: 5719 em ordem
Recebi o Pacote: 5720 em ordem
Recebi o Pacote: 5721 em ordem
Recebi o Pacote: 5722 em ordem
Recebi o Pacote: 5723 em ordem
Recebi o Pacote: 5724 em ordem
Recebi o Pacote: 5725 em ordem
Recebi o Pacote: 5726 em ordem
Recebi o Pacote: 5727 em ordem
Recebi o Pacote: 5728 em ordem
Recebi o Pacote: 5729 em ordem
Recebi o Pacote: 5730 em ordem
Recebi o Pacote: 5731 em ordem
Recebi o Pacote: 5732 em ordem
Recebi o Pacote: 5733 em ordem
Recebi o Pacote: 5734 em ordem
Recebi o Pacote: 5735 em ordem
Recebi o Pacote: 5736 em ordem
Recebi o Pacote: 5737 em ordem
Recebi o Pacote: 5738 em ordem
Recebi o Pacote: 5739 em ordem
Recebi o Pacote: 5740 em ordem
Recebi o Pacote: 5741 em ordem
Recebi o Pacote: 5742 em ordem
Recebi o Pacote: 5743 em ordem
Recebi o Pacote: 5744 em ordem
Recebi o Pacote: 5745 em ordem
Recebi o Pacote: 5746 em ordem
Recebi o Pacote: 5747 em ordem
Recebi o Pacote: 5748 em ordem
Recebi o Pacote: 5749 em ordem
Recebi o Pacote: 5750 em ordem
Recebi o Pacote: 5751 em ordem
Recebi o Pacote: 5752 em ordem
Recebi o Pacote: 5753 em ordem
Recebi o Pacote: 5754 em ordem
Recebi o Pacote: 5755 em ordem
Recebi o Pacote: 5756 em ordem
Recebi o Pacote: 5757 em ordem
Recebi o Pacote: 5758 em ordem
Recebi o Pacote: 5759 em ordem
Recebi o Pacote: 5760 em ordem
Recebi o Pacote: 5761 em ordem
Recebi o Pacote: 5762 em ordem
Recebi o Pacote: 5763 em ordem
Recebi o Pacote: 5764 em ordem
Recebi o Pacote: 5765 em ordem
Recebi o Pacote: 5766 em ordem
Recebi o Pacote: 5767 em ordem
Recebi o Pacote: 5768 em ordem
Recebi o Pacote: 5769 em ordem
Recebi o Pacote: 5770 em ordem
Recebi o Pacote: 5771 em ordem
Recebi o Pacote: 5772 em ordem
Recebi o Pacote: 5773 em ordem
Recebi o Pacote: 5774 em ordem
Recebi o Pacote: 5775 em ordem
Recebi o Pacote: 5776 em ordem
Recebi o Pacote: 5777 em ordem
Recebi o Pacote: 5778 em ordem
Recebi o Pacote: 5779 em ordem
Recebi o Pacote: 5780 em ordem
Recebi o Pacote: 5781 em ordem
Recebi o Pacote: 5782 em ordem
Recebi o Pacote: 5783 em ordem
Recebi o Pacote: 5784 em ordem
Recebi o Pacote: 5785 em ordem
Recebi o Pacote: 5786 em ordem
Recebi o Pacote: 5787 em ordem
Recebi o Pacote: 5788 em ordem
Recebi o Pacote: 5789 em ordem
Recebi o Pacote: 5790 em ordem
Recebi o Pacote: 5791 em ordem
Recebi o Pacote: 5792 em ordem
Recebi o Pacote: 5793 em ordem
Recebi o Pacote: 5794 em ordem
Recebi o Pacote: 5795 em ordem
Recebi o Pacote: 5796 em ordem
Recebi o Pacote: 5797 em ordem
Recebi o Pacote: 5798 em ordem
Recebi o Pacote: 5799 em ordem
Recebi o Pacote: 5800 em ordem
Recebi o Pacote: 5801 em ordem
Recebi o Pacote: 5802 em ordem
Recebi o Pacote: 5803 em ordem
Recebi o Pacote: 5804 em ordem
Recebi o Pacote: 5805 em ordem
Recebi o Pacote: 5806 em ordem
Recebi o Pacote: 5807 em ordem
Recebi o Pacote: 5808 em ordem
Recebi o Pacote: 5809 em ordem
Recebi o Pacote: 5810 em ordem
Recebi o Pacote: 5811 em ordem
Recebi o Pacote: 5812 em ordem
Recebi o Pacote: 5813 em ordem
Recebi o Pacote: 5814 em ordem
Recebi o Pacote: 5815 em ordem
Recebi o Pacote: 5816 em ordem
Recebi o Pacote: 5817 em ordem
Recebi o Pacote: 5818 em ordem
Sessão finalizada, dados finais:
Número de pacotes recebidos: 1778
Número de pacotes perdidos: 8
Número de pacotes fora de ordem: 3
